npm warn Unknown project config "auto-install-peers". This will stop working in the next major version of npm. See `npm help npmrc` for supported config options.
npm warn Unknown project config "strict-peer-dependencies". This will stop working in the next major version of npm. See `npm help npmrc` for supported config options.

> @workspace/crmbs@0.0.0 dev /home/sharad/IMP/Campus-Resource-Managerzip/artifacts/crmbs
> vite --config vite.config.ts --host 0.0.0.0


  VITE v7.3.1  ready in 218 ms

  ➜  Local:   http://localhost:5173/
  ➜  Network: http://172.21.49.132:5173/
  ➜  Network: http://172.18.0.1:5173/
5:40:20 PM [vite] (client) hmr update /src/components/providers/AuthProvider.tsx, /src/index.css
5:40:20 PM [vite] (client) ✨ new dependencies optimized: firebase/auth, firebase/app, firebase/analytics
5:40:20 PM [vite] (client) ✨ optimized dependencies changed. reloading
5:40:20 PM [vite] (client) hmr invalidate /src/components/providers/AuthProvider.tsx Could not Fast Refresh ("useAuth" export is incompatible). Learn more at https://github.com/vitejs/vite-plugin-react/tree/main/packages/plugin-react#consistent-components-exports
5:40:20 PM [vite] (client) hmr update /src/App.tsx, /src/components/ProtectedRoute.tsx, /src/pages/auth/Pending.tsx, /src/pages/auth/Unauthorized.tsx, /src/pages/auth/Register.tsx, /src/pages/auth/Login.tsx, /src/components/layout/AppLayout.tsx, /src/pages/staff/StaffDashboard.tsx, /src/pages/staff/StaffBook.tsx
5:41:36 PM [vite] (client) hmr update /src/components/providers/AuthProvider.tsx, /src/index.css
5:41:36 PM [vite] (client) hmr invalidate /src/components/providers/AuthProvider.tsx Could not Fast Refresh ("useAuth" export is incompatible). Learn more at https://github.com/vitejs/vite-plugin-react/tree/main/packages/plugin-react#consistent-components-exports
5:41:36 PM [vite] (client) hmr update /src/App.tsx, /src/components/ProtectedRoute.tsx, /src/pages/auth/Pending.tsx, /src/pages/auth/Unauthorized.tsx, /src/pages/auth/Register.tsx, /src/pages/auth/Login.tsx, /src/components/layout/AppLayout.tsx, /src/pages/staff/StaffDashboard.tsx, /src/pages/staff/StaffBook.tsx
5:44:18 PM [vite] (client) hmr update /src/pages/auth/Login.tsx, /src/index.css
5:44:27 PM [vite] (client) hmr update /src/pages/auth/Register.tsx, /src/index.css
5:45:14 PM [vite] (client) hmr update /src/components/providers/AuthProvider.tsx, /src/index.css
5:45:14 PM [vite] (client) hmr invalidate /src/components/providers/AuthProvider.tsx Could not Fast Refresh ("useAuth" export is incompatible). Learn more at https://github.com/vitejs/vite-plugin-react/tree/main/packages/plugin-react#consistent-components-exports
5:45:14 PM [vite] (client) hmr update /src/App.tsx, /src/components/ProtectedRoute.tsx, /src/pages/auth/Pending.tsx, /src/pages/auth/Unauthorized.tsx, /src/pages/auth/Register.tsx, /src/pages/auth/Login.tsx, /src/components/layout/AppLayout.tsx, /src/pages/staff/StaffDashboard.tsx, /src/pages/staff/StaffBook.tsx
5:48:15 PM [vite] (client) hmr update /src/components/ProtectedRoute.tsx, /src/index.css
5:59:06 PM [vite] (client) hmr update /src/pages/auth/Login.tsx, /src/index.css
6:01:06 PM [vite] (client) hmr update /src/pages/auth/Login.tsx, /src/index.css
