npm warn Unknown project config "auto-install-peers". This will stop working in the next major version of npm. See `npm help npmrc` for supported config options.
npm warn Unknown project config "strict-peer-dependencies". This will stop working in the next major version of npm. See `npm help npmrc` for supported config options.

> @workspace/api-server@0.0.0 dev /home/sharad/IMP/Campus-Resource-Managerzip/artifacts/api-server
> export NODE_ENV=development && pnpm run build && pnpm run start


> @workspace/api-server@0.0.0 build /home/sharad/IMP/Campus-Resource-Managerzip/artifacts/api-server
> node ./build.mjs


  dist/index.mjs                       2.1mb ⚠️
  dist/pino-worker.mjs               153.4kb
  dist/pino-file.mjs                 142.1kb
  dist/pino-pretty.mjs               114.6kb
  dist/thread-stream-worker.mjs        7.3kb
  dist/index.mjs.map                   3.6mb
  dist/pino-worker.mjs.map           256.9kb
  dist/pino-file.mjs.map             229.1kb
  dist/pino-pretty.mjs.map           203.9kb
  dist/thread-stream-worker.mjs.map   12.0kb

⚡ Done in 159ms

> @workspace/api-server@0.0.0 start /home/sharad/IMP/Campus-Resource-Managerzip/artifacts/api-server
> node --enable-source-maps ./dist/index.mjs

[18:40:31.453] [32mINFO[39m (4297): [36mRunning database migrations...[39m
[18:40:31.511] [32mINFO[39m (4297): [36mDatabase migrations completed successfully[39m
[18:40:31.512] [32mINFO[39m (4297): [36mServer listening[39m
    [35mport[39m: 5000
[18:40:56.433] [32mINFO[39m (4297): [36mrequest completed[39m
    [35mreq[39m: {
      "id": 1,
      "method": "POST",
      "url": "/api/auth/login"
    }
    [35mres[39m: {
      "statusCode": 401
    }
    [35mresponseTime[39m: 17
[18:40:56.442] [32mINFO[39m (4297): [36mrequest completed[39m
    [35mreq[39m: {
      "id": 2,
      "method": "POST",
      "url": "/api/auth/login"
    }
    [35mres[39m: {
      "statusCode": 401
    }
    [35mresponseTime[39m: 2
[18:40:56.462] [32mINFO[39m (4297): [36mrequest completed[39m
    [35mreq[39m: {
      "id": 3,
      "method": "POST",
      "url": "/api/bookings"
    }
    [35mres[39m: {
      "statusCode": 401
    }
    [35mresponseTime[39m: 2
[18:40:56.538] [32mINFO[39m (4297): [36mrequest completed[39m
    [35mreq[39m: {
      "id": 4,
      "method": "POST",
      "url": "/api/auth/login"
    }
    [35mres[39m: {
      "statusCode": 200
    }
    [35mresponseTime[39m: 66
[18:40:56.559] [32mINFO[39m (4297): [36mrequest completed[39m
    [35mreq[39m: {
      "id": 5,
      "method": "GET",
      "url": "/api/rm/approvals/pending"
    }
    [35mres[39m: {
      "statusCode": 200
    }
    [35mresponseTime[39m: 13
[18:40:56.574] [32mINFO[39m (4297): [36mrequest completed[39m
    [35mreq[39m: {
      "id": 6,
      "method": "POST",
      "url": "/api/rm/approvals//decide"
    }
    [35mres[39m: {
      "statusCode": 404
    }
    [35mresponseTime[39m: 4
[18:40:56.583] [32mINFO[39m (4297): [36mrequest completed[39m
    [35mreq[39m: {
      "id": 7,
      "method": "GET",
      "url": "/api/hod/approvals/pending"
    }
    [35mres[39m: {
      "statusCode": 401
    }
    [35mresponseTime[39m: 1
[18:41:03.613] [32mINFO[39m (4297): [36mrequest completed[39m
    [35mreq[39m: {
      "id": 8,
      "method": "POST",
      "url": "/api/auth/login"
    }
    [35mres[39m: {
      "statusCode": 401
    }
    [35mresponseTime[39m: 4
[18:41:03.625] [32mINFO[39m (4297): [36mrequest completed[39m
    [35mreq[39m: {
      "id": 9,
      "method": "GET",
      "url": "/api/hod/approvals/pending"
    }
    [35mres[39m: {
      "statusCode": 401
    }
    [35mresponseTime[39m: 2
[18:41:08.836] [32mINFO[39m (4297): [36mrequest completed[39m
    [35mreq[39m: {
      "id": 10,
      "method": "POST",
      "url": "/api/auth/login"
    }
    [35mres[39m: {
      "statusCode": 401
    }
    [35mresponseTime[39m: 2
[18:41:08.844] [32mINFO[39m (4297): [36mrequest completed[39m
    [35mreq[39m: {
      "id": 11,
      "method": "GET",
      "url": "/api/hod/approvals/pending"
    }
    [35mres[39m: {
      "statusCode": 401
    }
    [35mresponseTime[39m: 1
[18:41:15.956] [32mINFO[39m (4297): [36mrequest completed[39m
    [35mreq[39m: {
      "id": 12,
      "method": "POST",
      "url": "/api/auth/login"
    }
    [35mres[39m: {
      "statusCode": 401
    }
    [35mresponseTime[39m: 2
[18:41:30.041] [32mINFO[39m (4297): [36mrequest completed[39m
    [35mreq[39m: {
      "id": 13,
      "method": "POST",
      "url": "/api/auth/login"
    }
    [35mres[39m: {
      "statusCode": 200
    }
    [35mresponseTime[39m: 65
[18:41:56.965] [32mINFO[39m (4297): [36mrequest completed[39m
    [35mreq[39m: {
      "id": 14,
      "method": "POST",
      "url": "/api/auth/login"
    }
    [35mres[39m: {
      "statusCode": 200
    }
    [35mresponseTime[39m: 56
[18:42:07.315] [32mINFO[39m (4297): [36mrequest completed[39m
    [35mreq[39m: {
      "id": 15,
      "method": "POST",
      "url": "/api/auth/login"
    }
    [35mres[39m: {
      "statusCode": 200
    }
    [35mresponseTime[39m: 61
[18:42:07.379] [32mINFO[39m (4297): [36mrequest completed[39m
    [35mreq[39m: {
      "id": 16,
      "method": "POST",
      "url": "/api/auth/login"
    }
    [35mres[39m: {
      "statusCode": 200
    }
    [35mresponseTime[39m: 56
[18:42:07.447] [32mINFO[39m (4297): [36mrequest completed[39m
    [35mreq[39m: {
      "id": 17,
      "method": "POST",
      "url": "/api/auth/login"
    }
    [35mres[39m: {
      "statusCode": 200
    }
    [35mresponseTime[39m: 57
[18:42:07.529] [32mINFO[39m (4297): [36mrequest completed[39m
    [35mreq[39m: {
      "id": 18,
      "method": "POST",
      "url": "/api/bookings"
    }
    [35mres[39m: {
      "statusCode": 201
    }
    [35mresponseTime[39m: 60
[18:42:07.542] [32mINFO[39m (4297): [36mrequest completed[39m
    [35mreq[39m: {
      "id": 19,
      "method": "GET",
      "url": "/api/rm/approvals/pending"
    }
    [35mres[39m: {
      "statusCode": 200
    }
    [35mresponseTime[39m: 2
[18:42:07.558] [32mINFO[39m (4297): [36mrequest completed[39m
    [35mreq[39m: {
      "id": 20,
      "method": "POST",
      "url": "/api/rm/approvals/19/decide"
    }
    [35mres[39m: {
      "statusCode": 200
    }
    [35mresponseTime[39m: 5
[18:42:07.564] [32mINFO[39m (4297): [36mrequest completed[39m
    [35mreq[39m: {
      "id": 21,
      "method": "GET",
      "url": "/api/hod/approvals/pending"
    }
    [35mres[39m: {
      "statusCode": 200
    }
    [35mresponseTime[39m: 1
[19:10:47.556] [32mINFO[39m (4297): [36mrequest completed[39m
    [35mreq[39m: {
      "id": 22,
      "method": "GET",
      "url": "/api/healthz"
    }
    [35mres[39m: {
      "statusCode": 200
    }
    [35mresponseTime[39m: 2
[19:10:47.605] [32mINFO[39m (4297): [36mrequest completed[39m
    [35mreq[39m: {
      "id": 23,
      "method": "GET",
      "url": "/favicon.ico"
    }
    [35mres[39m: {
      "statusCode": 404
    }
    [35mresponseTime[39m: 1
[19:10:50.697] [32mINFO[39m (4297): [36mrequest completed[39m
    [35mreq[39m: {
      "id": 24,
      "method": "GET",
      "url": "/api/"
    }
    [35mres[39m: {
      "statusCode": 404
    }
    [35mresponseTime[39m: 2
[19:10:56.494] [32mINFO[39m (4297): [36mrequest completed[39m
    [35mreq[39m: {
      "id": 25,
      "method": "GET",
      "url": "/api/docs"
    }
    [35mres[39m: {
      "statusCode": 404
    }
    [35mresponseTime[39m: 1
[19:16:27.150] [32mINFO[39m (4297): [36mrequest completed[39m
    [35mreq[39m: {
      "id": 26,
      "method": "GET",
      "url": "/api/healthz"
    }
    [35mres[39m: {
      "statusCode": 304
    }
    [35mresponseTime[39m: 0
[19:16:27.185] [32mINFO[39m (4297): [36mrequest completed[39m
    [35mreq[39m: {
      "id": 27,
      "method": "GET",
      "url": "/favicon.ico"
    }
    [35mres[39m: {
      "statusCode": 404
    }
    [35mresponseTime[39m: 0
(node:4297) DeprecationWarning: Calling client.query() when the client is already executing a query is deprecated and will be removed in pg@9.0. Use async/await or an external async flow control mechanism instead.
(Use `node --trace-deprecation ...` to show where the warning was created)
[19:16:47.251] [32mINFO[39m (4297): [36mrequest completed[39m
    [35mreq[39m: {
      "id": 28,
      "method": "GET",
      "url": "/api/auth/me"
    }
    [35mres[39m: {
      "statusCode": 304
    }
    [35mresponseTime[39m: 9
[19:16:47.284] [32mINFO[39m (4297): [36mrequest completed[39m
    [35mreq[39m: {
      "id": 30,
      "method": "GET",
      "url": "/api/notifications"
    }
    [35mres[39m: {
      "statusCode": 304
    }
    [35mresponseTime[39m: 5
[19:16:47.285] [32mINFO[39m (4297): [36mrequest completed[39m
    [35mreq[39m: {
      "id": 29,
      "method": "GET",
      "url": "/api/notifications/unread-count"
    }
    [35mres[39m: {
      "statusCode": 304
    }
    [35mresponseTime[39m: 7
[19:16:47.288] [32mINFO[39m (4297): [36mrequest completed[39m
    [35mreq[39m: {
      "id": 31,
      "method": "GET",
      "url": "/api/hod/dashboard"
    }
    [35mres[39m: {
      "statusCode": 200
    }
    [35mresponseTime[39m: 8
[19:17:10.783] [32mINFO[39m (4297): [36mrequest completed[39m
    [35mreq[39m: {
      "id": 32,
      "method": "POST",
      "url": "/api/auth/register"
    }
    [35mres[39m: {
      "statusCode": 200
    }
    [35mresponseTime[39m: 7
[19:17:10.813] [32mINFO[39m (4297): [36mrequest completed[39m
    [35mreq[39m: {
      "id": 33,
      "method": "GET",
      "url": "/api/auth/me"
    }
    [35mres[39m: {
      "statusCode": 304
    }
    [35mresponseTime[39m: 8
[19:17:10.833] [32mINFO[39m (4297): [36mrequest completed[39m
    [35mreq[39m: {
      "id": 34,
      "method": "GET",
      "url": "/api/notifications/unread-count"
    }
    [35mres[39m: {
      "statusCode": 304
    }
    [35mresponseTime[39m: 4
[19:17:10.836] [32mINFO[39m (4297): [36mrequest completed[39m
    [35mreq[39m: {
      "id": 35,
      "method": "GET",
      "url": "/api/notifications"
    }
    [35mres[39m: {
      "statusCode": 304
    }
    [35mresponseTime[39m: 5
[19:17:10.844] [32mINFO[39m (4297): [36mrequest completed[39m
    [35mreq[39m: {
      "id": 36,
      "method": "GET",
      "url": "/api/hod/dashboard"
    }
    [35mres[39m: {
      "statusCode": 304
    }
    [35mresponseTime[39m: 12
[19:17:12.748] [32mINFO[39m (4297): [36mrequest completed[39m
    [35mreq[39m: {
      "id": 37,
      "method": "GET",
      "url": "/api/hod/users"
    }
    [35mres[39m: {
      "statusCode": 200
    }
    [35mresponseTime[39m: 5
[19:17:16.008] [32mINFO[39m (4297): [36mrequest completed[39m
    [35mreq[39m: {
      "id": 38,
      "method": "GET",
      "url": "/api/hod/approvals/pending"
    }
    [35mres[39m: {
      "statusCode": 200
    }
    [35mresponseTime[39m: 3
[19:17:17.836] [32mINFO[39m (4297): [36mrequest completed[39m
    [35mreq[39m: {
      "id": 39,
      "method": "GET",
      "url": "/api/hod/bookings"
    }
    [35mres[39m: {
      "statusCode": 200
    }
    [35mresponseTime[39m: 5
[19:17:20.720] [32mINFO[39m (4297): [36mrequest completed[39m
    [35mreq[39m: {
      "id": 40,
      "method": "GET",
      "url": "/api/hod/analytics"
    }
    [35mres[39m: {
      "statusCode": 200
    }
    [35mresponseTime[39m: 3
[19:18:17.184] [32mINFO[39m (4297): [36mrequest completed[39m
    [35mreq[39m: {
      "id": 41,
      "method": "GET",
      "url": "/api/hod/dashboard"
    }
    [35mres[39m: {
      "statusCode": 304
    }
    [35mresponseTime[39m: 11
[19:19:56.741] [32mINFO[39m (4297): [36mrequest completed[39m
    [35mreq[39m: {
      "id": 42,
      "method": "GET",
      "url": "/api/notifications/unread-count"
    }
    [35mres[39m: {
      "statusCode": 304
    }
    [35mresponseTime[39m: 9
[19:19:56.744] [32mINFO[39m (4297): [36mrequest completed[39m
    [35mreq[39m: {
      "id": 44,
      "method": "GET",
      "url": "/api/hod/dashboard"
    }
    [35mres[39m: {
      "statusCode": 304
    }
    [35mresponseTime[39m: 10
[19:19:56.746] [32mINFO[39m (4297): [36mrequest completed[39m
    [35mreq[39m: {
      "id": 43,
      "method": "GET",
      "url": "/api/notifications"
    }
    [35mres[39m: {
      "statusCode": 304
    }
    [35mresponseTime[39m: 13
[19:20:13.464] [32mINFO[39m (4297): [36mrequest completed[39m
    [35mreq[39m: {
      "id": 45,
      "method": "POST",
      "url": "/api/auth/register"
    }
    [35mres[39m: {
      "statusCode": 200
    }
    [35mresponseTime[39m: 8
[19:20:13.492] [32mINFO[39m (4297): [36mrequest completed[39m
    [35mreq[39m: {
      "id": 46,
      "method": "GET",
      "url": "/api/auth/me"
    }
    [35mres[39m: {
      "statusCode": 200
    }
    [35mresponseTime[39m: 7
[19:20:13.511] [32mINFO[39m (4297): [36mrequest completed[39m
    [35mreq[39m: {
      "id": 47,
      "method": "GET",
      "url": "/api/notifications/unread-count"
    }
    [35mres[39m: {
      "statusCode": 200
    }
    [35mresponseTime[39m: 4
[19:20:13.513] [32mINFO[39m (4297): [36mrequest completed[39m
    [35mreq[39m: {
      "id": 48,
      "method": "GET",
      "url": "/api/notifications"
    }
    [35mres[39m: {
      "statusCode": 200
    }
    [35mresponseTime[39m: 3
[19:20:13.525] [32mINFO[39m (4297): [36mrequest completed[39m
    [35mreq[39m: {
      "id": 49,
      "method": "GET",
      "url": "/api/rm/dashboard"
    }
    [35mres[39m: {
      "statusCode": 200
    }
    [35mresponseTime[39m: 4
[19:20:15.584] [32mINFO[39m (4297): [36mrequest completed[39m
    [35mreq[39m: {
      "id": 51,
      "method": "GET",
      "url": "/api/resources/categories"
    }
    [35mres[39m: {
      "statusCode": 304
    }
    [35mresponseTime[39m: 3
[19:20:15.587] [32mINFO[39m (4297): [36mrequest completed[39m
    [35mreq[39m: {
      "id": 50,
      "method": "GET",
      "url": "/api/rm/resources"
    }
    [35mres[39m: {
      "statusCode": 304
    }
    [35mresponseTime[39m: 7
[19:20:23.222] [32mINFO[39m (4297): [36mrequest completed[39m
    [35mreq[39m: {
      "id": 52,
      "method": "GET",
      "url": "/api/rm/approvals/pending"
    }
    [35mres[39m: {
      "statusCode": 304
    }
    [35mresponseTime[39m: 4
[19:20:24.383] [32mINFO[39m (4297): [36mrequest completed[39m
    [35mreq[39m: {
      "id": 53,
      "method": "GET",
      "url": "/api/rm/analytics"
    }
    [35mres[39m: {
      "statusCode": 200
    }
    [35mresponseTime[39m: 3
[19:20:46.314] [32mINFO[39m (4297): [36mrequest completed[39m
    [35mreq[39m: {
      "id": 54,
      "method": "POST",
      "url": "/api/auth/register"
    }
    [35mres[39m: {
      "statusCode": 200
    }
    [35mresponseTime[39m: 6
[19:20:46.336] [32mINFO[39m (4297): [36mrequest completed[39m
    [35mreq[39m: {
      "id": 55,
      "method": "GET",
      "url": "/api/auth/me"
    }
    [35mres[39m: {
      "statusCode": 200
    }
    [35mresponseTime[39m: 6
[19:20:46.359] [32mINFO[39m (4297): [36mrequest completed[39m
    [35mreq[39m: {
      "id": 57,
      "method": "GET",
      "url": "/api/notifications"
    }
    [35mres[39m: {
      "statusCode": 200
    }
    [35mresponseTime[39m: 2
[19:20:46.362] [32mINFO[39m (4297): [36mrequest completed[39m
    [35mreq[39m: {
      "id": 56,
      "method": "GET",
      "url": "/api/notifications/unread-count"
    }
    [35mres[39m: {
      "statusCode": 200
    }
    [35mresponseTime[39m: 6
[19:20:46.365] [32mINFO[39m (4297): [36mrequest completed[39m
    [35mreq[39m: {
      "id": 58,
      "method": "GET",
      "url": "/api/bookings"
    }
    [35mres[39m: {
      "statusCode": 200
    }
    [35mresponseTime[39m: 7
[19:20:51.130] [32mINFO[39m (4297): [36mrequest completed[39m
    [35mreq[39m: {
      "id": 59,
      "method": "GET",
      "url": "/api/resources/categories"
    }
    [35mres[39m: {
      "statusCode": 304
    }
    [35mresponseTime[39m: 3
[19:20:51.134] [32mINFO[39m (4297): [36mrequest completed[39m
    [35mreq[39m: {
      "id": 60,
      "method": "GET",
      "url": "/api/resources"
    }
    [35mres[39m: {
      "statusCode": 304
    }
    [35mresponseTime[39m: 6
[19:20:55.203] [32mINFO[39m (4297): [36mrequest completed[39m
    [35mreq[39m: {
      "id": 61,
      "method": "GET",
      "url": "/api/resources/1"
    }
    [35mres[39m: {
      "statusCode": 200
    }
    [35mresponseTime[39m: 3
[19:20:58.833] [32mINFO[39m (4297): [36mrequest completed[39m
    [35mreq[39m: {
      "id": 62,
      "method": "GET",
      "url": "/api/resources/1/availability"
    }
    [35mres[39m: {
      "statusCode": 200
    }
    [35mresponseTime[39m: 3
[19:21:02.740] [32mINFO[39m (4297): [36mrequest completed[39m
    [35mreq[39m: {
      "id": 63,
      "method": "POST",
      "url": "/api/bookings"
    }
    [35mres[39m: {
      "statusCode": 201
    }
    [35mresponseTime[39m: 21
[19:21:02.760] [32mINFO[39m (4297): [36mrequest completed[39m
    [35mreq[39m: {
      "id": 64,
      "method": "GET",
      "url": "/api/bookings"
    }
    [35mres[39m: {
      "statusCode": 200
    }
    [35mresponseTime[39m: 3
[19:21:21.198] [32mINFO[39m (4297): [36mrequest completed[39m
    [35mreq[39m: {
      "id": 65,
      "method": "GET",
      "url": "/api/auth/me"
    }
    [35mres[39m: {
      "statusCode": 304
    }
    [35mresponseTime[39m: 7
[19:21:37.409] [32mINFO[39m (4297): [36mrequest completed[39m
    [35mreq[39m: {
      "id": 66,
      "method": "POST",
      "url": "/api/auth/login"
    }
    [35mres[39m: {
      "statusCode": 200
    }
    [35mresponseTime[39m: 62
[19:21:37.433] [32mINFO[39m (4297): [36mrequest completed[39m
    [35mreq[39m: {
      "id": 67,
      "method": "GET",
      "url": "/api/auth/me"
    }
    [35mres[39m: {
      "statusCode": 200
    }
    [35mresponseTime[39m: 6
[19:21:37.467] [32mINFO[39m (4297): [36mrequest completed[39m
    [35mreq[39m: {
      "id": 68,
      "method": "GET",
      "url": "/api/notifications/unread-count"
    }
    [35mres[39m: {
      "statusCode": 304
    }
    [35mresponseTime[39m: 6
[19:21:37.468] [32mINFO[39m (4297): [36mrequest completed[39m
    [35mreq[39m: {
      "id": 69,
      "method": "GET",
      "url": "/api/notifications"
    }
    [35mres[39m: {
      "statusCode": 200
    }
    [35mresponseTime[39m: 5
[19:21:37.469] [32mINFO[39m (4297): [36mrequest completed[39m
    [35mreq[39m: {
      "id": 70,
      "method": "GET",
      "url": "/api/rm/dashboard"
    }
    [35mres[39m: {
      "statusCode": 200
    }
    [35mresponseTime[39m: 5
[19:21:39.142] [32mINFO[39m (4297): [36mrequest completed[39m
    [35mreq[39m: {
      "id": 71,
      "method": "GET",
      "url": "/api/rm/resources"
    }
    [35mres[39m: {
      "statusCode": 200
    }
    [35mresponseTime[39m: 4
[19:21:39.143] [32mINFO[39m (4297): [36mrequest completed[39m
    [35mreq[39m: {
      "id": 72,
      "method": "GET",
      "url": "/api/resources/categories"
    }
    [35mres[39m: {
      "statusCode": 304
    }
    [35mresponseTime[39m: 4
[19:21:50.727] [32mINFO[39m (4297): [36mrequest completed[39m
    [35mreq[39m: {
      "id": 73,
      "method": "GET",
      "url": "/api/rm/approvals/pending"
    }
    [35mres[39m: {
      "statusCode": 200
    }
    [35mresponseTime[39m: 12
[19:22:16.438] [32mINFO[39m (4297): [36mrequest completed[39m
    [35mreq[39m: {
      "id": 74,
      "method": "POST",
      "url": "/api/rm/approvals/21/decide"
    }
    [35mres[39m: {
      "statusCode": 200
    }
    [35mresponseTime[39m: 58
[19:22:16.450] [32mINFO[39m (4297): [36mrequest completed[39m
    [35mreq[39m: {
      "id": 75,
      "method": "GET",
      "url": "/api/rm/approvals/pending"
    }
    [35mres[39m: {
      "statusCode": 200
    }
    [35mresponseTime[39m: 2
[19:22:20.832] [32mINFO[39m (4297): [36mrequest completed[39m
    [35mreq[39m: {
      "id": 76,
      "method": "GET",
      "url": "/api/rm/analytics"
    }
    [35mres[39m: {
      "statusCode": 200
    }
    [35mresponseTime[39m: 6
[19:22:55.923] [32mINFO[39m (4297): [36mrequest completed[39m
    [35mreq[39m: {
      "id": 77,
      "method": "POST",
      "url": "/api/auth/login"
    }
    [35mres[39m: {
      "statusCode": 200
    }
    [35mresponseTime[39m: 62
[19:22:55.951] [32mINFO[39m (4297): [36mrequest completed[39m
    [35mreq[39m: {
      "id": 78,
      "method": "GET",
      "url": "/api/auth/me"
    }
    [35mres[39m: {
      "statusCode": 200
    }
    [35mresponseTime[39m: 7
[19:22:55.979] [32mINFO[39m (4297): [36mrequest completed[39m
    [35mreq[39m: {
      "id": 79,
      "method": "GET",
      "url": "/api/notifications/unread-count"
    }
    [35mres[39m: {
      "statusCode": 200
    }
    [35mresponseTime[39m: 6
[19:22:55.980] [32mINFO[39m (4297): [36mrequest completed[39m
    [35mreq[39m: {
      "id": 80,
      "method": "GET",
      "url": "/api/notifications"
    }
    [35mres[39m: {
      "statusCode": 200
    }
    [35mresponseTime[39m: 6
[19:22:55.981] [32mINFO[39m (4297): [36mrequest completed[39m
    [35mreq[39m: {
      "id": 81,
      "method": "GET",
      "url": "/api/hod/dashboard"
    }
    [35mres[39m: {
      "statusCode": 200
    }
    [35mresponseTime[39m: 6
[19:23:08.266] [32mINFO[39m (4297): [36mrequest completed[39m
    [35mreq[39m: {
      "id": 82,
      "method": "GET",
      "url": "/api/hod/users"
    }
    [35mres[39m: {
      "statusCode": 200
    }
    [35mresponseTime[39m: 14
[19:23:30.659] [32mINFO[39m (4297): [36mrequest completed[39m
    [35mreq[39m: {
      "id": 83,
      "method": "GET",
      "url": "/api/hod/approvals/pending"
    }
    [35mres[39m: {
      "statusCode": 200
    }
    [35mresponseTime[39m: 17
[19:23:45.739] [32mINFO[39m (4297): [36mrequest completed[39m
    [35mreq[39m: {
      "id": 84,
      "method": "POST",
      "url": "/api/hod/approvals/22/decide"
    }
    [35mres[39m: {
      "statusCode": 200
    }
    [35mresponseTime[39m: 63
[19:23:45.755] [32mINFO[39m (4297): [36mrequest completed[39m
    [35mreq[39m: {
      "id": 85,
      "method": "GET",
      "url": "/api/hod/approvals/pending"
    }
    [35mres[39m: {
      "statusCode": 200
    }
    [35mresponseTime[39m: 5
[19:24:06.091] [32mINFO[39m (4297): [36mrequest completed[39m
    [35mreq[39m: {
      "id": 86,
      "method": "PATCH",
      "url": "/api/notifications/7/read"
    }
    [35mres[39m: {
      "statusCode": 200
    }
    [35mresponseTime[39m: 16
[19:24:06.109] [32mINFO[39m (4297): [36mrequest completed[39m
    [35mreq[39m: {
      "id": 88,
      "method": "GET",
      "url": "/api/notifications"
    }
    [35mres[39m: {
      "statusCode": 200
    }
    [35mresponseTime[39m: 4
[19:24:06.111] [32mINFO[39m (4297): [36mrequest completed[39m
    [35mreq[39m: {
      "id": 87,
      "method": "GET",
      "url": "/api/notifications/unread-count"
    }
    [35mres[39m: {
      "statusCode": 200
    }
    [35mresponseTime[39m: 7
[19:24:20.959] [32mINFO[39m (4297): [36mrequest completed[39m
    [35mreq[39m: {
      "id": 89,
      "method": "POST",
      "url": "/api/auth/register"
    }
    [35mres[39m: {
      "statusCode": 200
    }
    [35mresponseTime[39m: 5
[19:24:20.984] [32mINFO[39m (4297): [36mrequest completed[39m
    [35mreq[39m: {
      "id": 90,
      "method": "GET",
      "url": "/api/auth/me"
    }
    [35mres[39m: {
      "statusCode": 200
    }
    [35mresponseTime[39m: 8
[19:24:21.004] [32mINFO[39m (4297): [36mrequest completed[39m
    [35mreq[39m: {
      "id": 92,
      "method": "GET",
      "url": "/api/notifications"
    }
    [35mres[39m: {
      "statusCode": 200
    }
    [35mresponseTime[39m: 2
[19:24:21.006] [32mINFO[39m (4297): [36mrequest completed[39m
    [35mreq[39m: {
      "id": 93,
      "method": "GET",
      "url": "/api/bookings"
    }
    [35mres[39m: {
      "statusCode": 200
    }
    [35mresponseTime[39m: 3
[19:24:21.007] [32mINFO[39m (4297): [36mrequest completed[39m
    [35mreq[39m: {
      "id": 91,
      "method": "GET",
      "url": "/api/notifications/unread-count"
    }
    [35mres[39m: {
      "statusCode": 200
    }
    [35mresponseTime[39m: 5
[19:24:24.852] [32mINFO[39m (4297): [36mrequest completed[39m
    [35mreq[39m: {
      "id": 94,
      "method": "GET",
      "url": "/api/bookings"
    }
    [35mres[39m: {
      "statusCode": 200
    }
    [35mresponseTime[39m: 4
[19:24:39.027] [32mINFO[39m (4297): [36mrequest completed[39m
    [35mreq[39m: {
      "id": 95,
      "method": "PATCH",
      "url": "/api/bookings/17/cancel"
    }
    [35mres[39m: {
      "statusCode": 400
    }
    [35mresponseTime[39m: 16
[19:24:42.422] [32mINFO[39m (4297): [36mrequest completed[39m
    [35mreq[39m: {
      "id": 96,
      "method": "PATCH",
      "url": "/api/bookings/17/cancel"
    }
    [35mres[39m: {
      "statusCode": 400
    }
    [35mresponseTime[39m: 2
[19:24:46.804] [32mINFO[39m (4297): [36mrequest completed[39m
    [35mreq[39m: {
      "id": 97,
      "method": "PATCH",
      "url": "/api/bookings/17/cancel"
    }
    [35mres[39m: {
      "statusCode": 400
    }
    [35mresponseTime[39m: 4
[19:24:49.985] [32mINFO[39m (4297): [36mrequest completed[39m
    [35mreq[39m: {
      "id": 98,
      "method": "GET",
      "url": "/api/bookings"
    }
    [35mres[39m: {
      "statusCode": 304
    }
    [35mresponseTime[39m: 8
[19:24:53.207] [32mINFO[39m (4297): [36mrequest completed[39m
    [35mreq[39m: {
      "id": 100,
      "method": "GET",
      "url": "/api/resources"
    }
    [35mres[39m: {
      "statusCode": 304
    }
    [35mresponseTime[39m: 4
[19:24:53.209] [32mINFO[39m (4297): [36mrequest completed[39m
    [35mreq[39m: {
      "id": 99,
      "method": "GET",
      "url": "/api/resources/categories"
    }
    [35mres[39m: {
      "statusCode": 304
    }
    [35mresponseTime[39m: 8
[19:25:33.991] [32mINFO[39m (4297): [36mrequest completed[39m
    [35mreq[39m: {
      "id": 101,
      "method": "GET",
      "url": "/api/auth/me"
    }
    [35mres[39m: {
      "statusCode": 304
    }
    [35mresponseTime[39m: 8
[19:25:38.427] [32mINFO[39m (4297): [36mrequest completed[39m
    [35mreq[39m: {
      "id": 102,
      "method": "GET",
      "url": "/api/auth/me"
    }
    [35mres[39m: {
      "statusCode": 304
    }
    [35mresponseTime[39m: 2
[19:26:02.850] [32mINFO[39m (4297): [36mrequest completed[39m
    [35mreq[39m: {
      "id": 103,
      "method": "POST",
      "url": "/api/auth/register"
    }
    [35mres[39m: {
      "statusCode": 201
    }
    [35mresponseTime[39m: 9
[19:26:02.879] [32mINFO[39m (4297): [36mrequest completed[39m
    [35mreq[39m: {
      "id": 104,
      "method": "GET",
      "url": "/api/auth/me"
    }
    [35mres[39m: {
      "statusCode": 200
    }
    [35mresponseTime[39m: 6
[19:26:36.912] [32mINFO[39m (4297): [36mrequest completed[39m
    [35mreq[39m: {
      "id": 105,
      "method": "POST",
      "url": "/api/auth/login"
    }
    [35mres[39m: {
      "statusCode": 200
    }
    [35mresponseTime[39m: 62
[19:26:36.939] [32mINFO[39m (4297): [36mrequest completed[39m
    [35mreq[39m: {
      "id": 106,
      "method": "GET",
      "url": "/api/auth/me"
    }
    [35mres[39m: {
      "statusCode": 200
    }
    [35mresponseTime[39m: 6
[19:26:36.964] [32mINFO[39m (4297): [36mrequest completed[39m
    [35mreq[39m: {
      "id": 109,
      "method": "GET",
      "url": "/api/notifications"
    }
    [35mres[39m: {
      "statusCode": 200
    }
    [35mresponseTime[39m: 2
[19:26:36.969] [32mINFO[39m (4297): [36mrequest completed[39m
    [35mreq[39m: {
      "id": 108,
      "method": "GET",
      "url": "/api/notifications/unread-count"
    }
    [35mres[39m: {
      "statusCode": 200
    }
    [35mresponseTime[39m: 8
[19:26:36.974] [32mINFO[39m (4297): [36mrequest completed[39m
    [35mreq[39m: {
      "id": 107,
      "method": "GET",
      "url": "/api/admin/dashboard"
    }
    [35mres[39m: {
      "statusCode": 200
    }
    [35mresponseTime[39m: 13
[19:26:42.411] [32mINFO[39m (4297): [36mrequest completed[39m
    [35mreq[39m: {
      "id": 110,
      "method": "GET",
      "url": "/api/admin/users"
    }
    [35mres[39m: {
      "statusCode": 200
    }
    [35mresponseTime[39m: 5
[19:26:42.412] [32mINFO[39m (4297): [36mrequest completed[39m
    [35mreq[39m: {
      "id": 111,
      "method": "GET",
      "url": "/api/admin/departments"
    }
    [35mres[39m: {
      "statusCode": 200
    }
    [35mresponseTime[39m: 4
[19:27:02.323] [32mINFO[39m (4297): [36mrequest completed[39m
    [35mreq[39m: {
      "id": 112,
      "method": "PATCH",
      "url": "/api/admin/users/64/role"
    }
    [35mres[39m: {
      "statusCode": 200
    }
    [35mresponseTime[39m: 22
[19:27:02.336] [32mINFO[39m (4297): [36mrequest completed[39m
    [35mreq[39m: {
      "id": 113,
      "method": "GET",
      "url": "/api/admin/users"
    }
    [35mres[39m: {
      "statusCode": 200
    }
    [35mresponseTime[39m: 4
[19:27:05.271] [32mINFO[39m (4297): [36mrequest completed[39m
    [35mreq[39m: {
      "id": 115,
      "method": "GET",
      "url": "/api/admin/users"
    }
    [35mres[39m: {
      "statusCode": 200
    }
    [35mresponseTime[39m: 2
[19:27:05.275] [32mINFO[39m (4297): [36mrequest completed[39m
    [35mreq[39m: {
      "id": 114,
      "method": "GET",
      "url": "/api/admin/departments"
    }
    [35mres[39m: {
      "statusCode": 200
    }
    [35mresponseTime[39m: 6
[19:27:16.445] [32mINFO[39m (4297): [36mrequest completed[39m
    [35mreq[39m: {
      "id": 116,
      "method": "GET",
      "url": "/api/resources"
    }
    [35mres[39m: {
      "statusCode": 304
    }
    [35mresponseTime[39m: 10
[19:27:28.584] [32mINFO[39m (4297): [36mrequest completed[39m
    [35mreq[39m: {
      "id": 117,
      "method": "GET",
      "url": "/api/admin/bookings"
    }
    [35mres[39m: {
      "statusCode": 200
    }
    [35mresponseTime[39m: 20
[19:27:36.435] [32mINFO[39m (4297): [36mrequest completed[39m
    [35mreq[39m: {
      "id": 118,
      "method": "PATCH",
      "url": "/api/admin/bookings/17/cancel"
    }
    [35mres[39m: {
      "statusCode": 200
    }
    [35mresponseTime[39m: 12
[19:27:36.446] [32mINFO[39m (4297): [36mrequest completed[39m
    [35mreq[39m: {
      "id": 119,
      "method": "GET",
      "url": "/api/admin/bookings"
    }
    [35mres[39m: {
      "statusCode": 200
    }
    [35mresponseTime[39m: 3
[19:27:41.244] [32mINFO[39m (4297): [36mrequest completed[39m
    [35mreq[39m: {
      "id": 120,
      "method": "GET",
      "url": "/api/admin/audit-log"
    }
    [35mres[39m: {
      "statusCode": 200
    }
    [35mresponseTime[39m: 12
[19:28:20.061] [32mINFO[39m (4297): [36mrequest completed[39m
    [35mreq[39m: {
      "id": 122,
      "method": "GET",
      "url": "/api/resources/categories"
    }
    [35mres[39m: {
      "statusCode": 304
    }
    [35mresponseTime[39m: 5
[19:28:20.064] [32mINFO[39m (4297): [36mrequest completed[39m
    [35mreq[39m: {
      "id": 121,
      "method": "GET",
      "url": "/api/admin/blackout"
    }
    [35mres[39m: {
      "statusCode": 304
    }
    [35mresponseTime[39m: 10
[19:28:27.076] [32mINFO[39m (4297): [36mrequest completed[39m
    [35mreq[39m: {
      "id": 124,
      "method": "GET",
      "url": "/api/analytics/by-department"
    }
    [35mres[39m: {
      "statusCode": 200
    }
    [35mresponseTime[39m: 3
[19:28:27.077] [32mINFO[39m (4297): [36mrequest completed[39m
    [35mreq[39m: {
      "id": 123,
      "method": "GET",
      "url": "/api/analytics/utilization"
    }
    [35mres[39m: {
      "statusCode": 200
    }
    [35mresponseTime[39m: 5
[19:28:27.078] [32mINFO[39m (4297): [36mrequest completed[39m
    [35mreq[39m: {
      "id": 125,
      "method": "GET",
      "url": "/api/analytics/approval-stats"
    }
    [35mres[39m: {
      "statusCode": 200
    }
    [35mresponseTime[39m: 3
[19:28:49.657] [32mINFO[39m (4297): [36mrequest completed[39m
    [35mreq[39m: {
      "id": 126,
      "method": "POST",
      "url": "/api/auth/register"
    }
    [35mres[39m: {
      "statusCode": 200
    }
    [35mresponseTime[39m: 8
[19:28:49.683] [32mINFO[39m (4297): [36mrequest completed[39m
    [35mreq[39m: {
      "id": 127,
      "method": "GET",
      "url": "/api/auth/me"
    }
    [35mres[39m: {
      "statusCode": 200
    }
    [35mresponseTime[39m: 6
[19:28:49.708] [32mINFO[39m (4297): [36mrequest completed[39m
    [35mreq[39m: {
      "id": 128,
      "method": "GET",
      "url": "/api/notifications/unread-count"
    }
    [35mres[39m: {
      "statusCode": 304
    }
    [35mresponseTime[39m: 4
[19:28:49.708] [32mINFO[39m (4297): [36mrequest completed[39m
    [35mreq[39m: {
      "id": 130,
      "method": "GET",
      "url": "/api/bookings"
    }
    [35mres[39m: {
      "statusCode": 200
    }
    [35mresponseTime[39m: 3
[19:28:49.709] [32mINFO[39m (4297): [36mrequest completed[39m
    [35mreq[39m: {
      "id": 129,
      "method": "GET",
      "url": "/api/notifications"
    }
    [35mres[39m: {
      "statusCode": 200
    }
    [35mresponseTime[39m: 4
[19:28:54.017] [32mINFO[39m (4297): [36mrequest completed[39m
    [35mreq[39m: {
      "id": 131,
      "method": "GET",
      "url": "/api/resources/categories"
    }
    [35mres[39m: {
      "statusCode": 304
    }
    [35mresponseTime[39m: 3
[19:28:54.020] [32mINFO[39m (4297): [36mrequest completed[39m
    [35mreq[39m: {
      "id": 132,
      "method": "GET",
      "url": "/api/resources"
    }
    [35mres[39m: {
      "statusCode": 304
    }
    [35mresponseTime[39m: 2
[19:28:56.355] [32mINFO[39m (4297): [36mrequest completed[39m
    [35mreq[39m: {
      "id": 133,
      "method": "GET",
      "url": "/api/bookings"
    }
    [35mres[39m: {
      "statusCode": 200
    }
    [35mresponseTime[39m: 7
[19:28:57.199] [32mINFO[39m (4297): [36mrequest completed[39m
    [35mreq[39m: {
      "id": 134,
      "method": "GET",
      "url": "/api/notifications"
    }
    [35mres[39m: {
      "statusCode": 304
    }
    [35mresponseTime[39m: 2
[19:29:02.824] [32mINFO[39m (4297): [36mrequest completed[39m
    [35mreq[39m: {
      "id": 135,
      "method": "PATCH",
      "url": "/api/notifications/52/read"
    }
    [35mres[39m: {
      "statusCode": 200
    }
    [35mresponseTime[39m: 10
[19:29:02.839] [32mINFO[39m (4297): [36mrequest completed[39m
    [35mreq[39m: {
      "id": 137,
      "method": "GET",
      "url": "/api/notifications/unread-count"
    }
    [35mres[39m: {
      "statusCode": 200
    }
    [35mresponseTime[39m: 2
[19:29:02.846] [32mINFO[39m (4297): [36mrequest completed[39m
    [35mreq[39m: {
      "id": 136,
      "method": "GET",
      "url": "/api/notifications"
    }
    [35mres[39m: {
      "statusCode": 200
    }
    [35mresponseTime[39m: 11
[19:29:06.291] [32mINFO[39m (4297): [36mrequest completed[39m
    [35mreq[39m: {
      "id": 138,
      "method": "GET",
      "url": "/api/bookings"
    }
    [35mres[39m: {
      "statusCode": 304
    }
    [35mresponseTime[39m: 4
[19:29:06.976] [32mINFO[39m (4297): [36mrequest completed[39m
    [35mreq[39m: {
      "id": 139,
      "method": "GET",
      "url": "/api/resources/categories"
    }
    [35mres[39m: {
      "statusCode": 304
    }
    [35mresponseTime[39m: 2
[19:29:06.977] [32mINFO[39m (4297): [36mrequest completed[39m
    [35mreq[39m: {
      "id": 140,
      "method": "GET",
      "url": "/api/resources"
    }
    [35mres[39m: {
      "statusCode": 304
    }
    [35mresponseTime[39m: 2
[19:29:14.564] [32mINFO[39m (4297): [36mrequest completed[39m
    [35mreq[39m: {
      "id": 141,
      "method": "GET",
      "url": "/api/auth/me"
    }
    [35mres[39m: {
      "statusCode": 304
    }
    [35mresponseTime[39m: 2
[19:29:26.786] [32mINFO[39m (4297): [36mrequest completed[39m
    [35mreq[39m: {
      "id": 142,
      "method": "GET",
      "url": "/api/auth/me"
    }
    [35mres[39m: {
      "statusCode": 304
    }
    [35mresponseTime[39m: 10
[19:30:29.544] [32mINFO[39m (4297): [36mrequest completed[39m
    [35mreq[39m: {
      "id": 143,
      "method": "GET",
      "url": "/api/auth/me"
    }
    [35mres[39m: {
      "statusCode": 304
    }
    [35mresponseTime[39m: 8
[19:30:29.578] [32mINFO[39m (4297): [36mrequest completed[39m
    [35mreq[39m: {
      "id": 144,
      "method": "GET",
      "url": "/api/notifications/unread-count"
    }
    [35mres[39m: {
      "statusCode": 304
    }
    [35mresponseTime[39m: 7
[19:30:29.579] [32mINFO[39m (4297): [36mrequest completed[39m
    [35mreq[39m: {
      "id": 146,
      "method": "GET",
      "url": "/api/bookings"
    }
    [35mres[39m: {
      "statusCode": 304
    }
    [35mresponseTime[39m: 6
[19:30:29.580] [32mINFO[39m (4297): [36mrequest completed[39m
    [35mreq[39m: {
      "id": 145,
      "method": "GET",
      "url": "/api/notifications"
    }
    [35mres[39m: {
      "statusCode": 304
    }
    [35mresponseTime[39m: 8
[19:30:44.904] [32mINFO[39m (4297): [36mrequest completed[39m
    [35mreq[39m: {
      "id": 147,
      "method": "POST",
      "url": "/api/auth/login"
    }
    [35mres[39m: {
      "statusCode": 200
    }
    [35mresponseTime[39m: 59
[19:30:44.931] [32mINFO[39m (4297): [36mrequest completed[39m
    [35mreq[39m: {
      "id": 148,
      "method": "GET",
      "url": "/api/auth/me"
    }
    [35mres[39m: {
      "statusCode": 200
    }
    [35mresponseTime[39m: 8
[19:30:44.955] [32mINFO[39m (4297): [36mrequest completed[39m
    [35mreq[39m: {
      "id": 149,
      "method": "GET",
      "url": "/api/notifications/unread-count"
    }
    [35mres[39m: {
      "statusCode": 200
    }
    [35mresponseTime[39m: 3
[19:30:44.959] [32mINFO[39m (4297): [36mrequest completed[39m
    [35mreq[39m: {
      "id": 150,
      "method": "GET",
      "url": "/api/notifications"
    }
    [35mres[39m: {
      "statusCode": 200
    }
    [35mresponseTime[39m: 6
[19:30:44.967] [32mINFO[39m (4297): [36mrequest completed[39m
    [35mreq[39m: {
      "id": 151,
      "method": "GET",
      "url": "/api/admin/dashboard"
    }
    [35mres[39m: {
      "statusCode": 200
    }
    [35mresponseTime[39m: 14
[19:30:47.503] [32mINFO[39m (4297): [36mrequest completed[39m
    [35mreq[39m: {
      "id": 152,
      "method": "GET",
      "url": "/api/admin/users"
    }
    [35mres[39m: {
      "statusCode": 304
    }
    [35mresponseTime[39m: 3
[19:30:47.503] [32mINFO[39m (4297): [36mrequest completed[39m
    [35mreq[39m: {
      "id": 153,
      "method": "GET",
      "url": "/api/admin/departments"
    }
    [35mres[39m: {
      "statusCode": 304
    }
    [35mresponseTime[39m: 2
[19:31:00.953] [32mINFO[39m (4297): [36mrequest completed[39m
    [35mreq[39m: {
      "id": 154,
      "method": "PATCH",
      "url": "/api/admin/users/64/role"
    }
    [35mres[39m: {
      "statusCode": 200
    }
    [35mresponseTime[39m: 23
[19:31:00.965] [32mINFO[39m (4297): [36mrequest completed[39m
    [35mreq[39m: {
      "id": 155,
      "method": "GET",
      "url": "/api/admin/users"
    }
    [35mres[39m: {
      "statusCode": 200
    }
    [35mresponseTime[39m: 4
[19:31:15.029] [32mINFO[39m (4297): [36mrequest completed[39m
    [35mreq[39m: {
      "id": 156,
      "method": "GET",
      "url": "/api/notifications/unread-count"
    }
    [35mres[39m: {
      "statusCode": 304
    }
    [35mresponseTime[39m: 9
[19:31:15.030] [32mINFO[39m (4297): [36mrequest completed[39m
    [35mreq[39m: {
      "id": 157,
      "method": "GET",
      "url": "/api/notifications"
    }
    [35mres[39m: {
      "statusCode": 304
    }
    [35mresponseTime[39m: 9
[19:31:15.031] [32mINFO[39m (4297): [36mrequest completed[39m
    [35mreq[39m: {
      "id": 158,
      "method": "GET",
      "url": "/api/bookings"
    }
    [35mres[39m: {
      "statusCode": 200
    }
    [35mresponseTime[39m: 9
[19:31:17.000] [32mINFO[39m (4297): [36mrequest completed[39m
    [35mreq[39m: {
      "id": 159,
      "method": "GET",
      "url": "/api/auth/me"
    }
    [35mres[39m: {
      "statusCode": 304
    }
    [35mresponseTime[39m: 3
[19:31:20.379] [32mINFO[39m (4297): [36mrequest completed[39m
    [35mreq[39m: {
      "id": 160,
      "method": "GET",
      "url": "/api/notifications/unread-count"
    }
    [35mres[39m: {
      "statusCode": 304
    }
    [35mresponseTime[39m: 5
[19:31:20.381] [32mINFO[39m (4297): [36mrequest completed[39m
    [35mreq[39m: {
      "id": 161,
      "method": "GET",
      "url": "/api/notifications"
    }
    [35mres[39m: {
      "statusCode": 304
    }
    [35mresponseTime[39m: 4
[19:31:20.386] [32mINFO[39m (4297): [36mrequest completed[39m
    [35mreq[39m: {
      "id": 162,
      "method": "GET",
      "url": "/api/admin/dashboard"
    }
    [35mres[39m: {
      "statusCode": 200
    }
    [35mresponseTime[39m: 6
[19:31:23.387] [32mINFO[39m (4297): [36mrequest completed[39m
    [35mreq[39m: {
      "id": 163,
      "method": "GET",
      "url": "/api/auth/me"
    }
    [35mres[39m: {
      "statusCode": 304
    }
    [35mresponseTime[39m: 2
[19:31:23.413] [32mINFO[39m (4297): [36mrequest completed[39m
    [35mreq[39m: {
      "id": 164,
      "method": "GET",
      "url": "/api/notifications/unread-count"
    }
    [35mres[39m: {
      "statusCode": 304
    }
    [35mresponseTime[39m: 3
[19:31:23.415] [32mINFO[39m (4297): [36mrequest completed[39m
    [35mreq[39m: {
      "id": 165,
      "method": "GET",
      "url": "/api/notifications"
    }
    [35mres[39m: {
      "statusCode": 304
    }
    [35mresponseTime[39m: 3
[19:31:23.417] [32mINFO[39m (4297): [36mrequest completed[39m
    [35mreq[39m: {
      "id": 166,
      "method": "GET",
      "url": "/api/admin/dashboard"
    }
    [35mres[39m: {
      "statusCode": 304
    }
    [35mresponseTime[39m: 4
[19:31:23.928] [32mINFO[39m (4297): [36mrequest completed[39m
    [35mreq[39m: {
      "id": 167,
      "method": "GET",
      "url": "/api/auth/me"
    }
    [35mres[39m: {
      "statusCode": 304
    }
    [35mresponseTime[39m: 3
[19:31:23.951] [32mINFO[39m (4297): [36mrequest completed[39m
    [35mreq[39m: {
      "id": 168,
      "method": "GET",
      "url": "/api/notifications/unread-count"
    }
    [35mres[39m: {
      "statusCode": 304
    }
    [35mresponseTime[39m: 2
[19:31:23.952] [32mINFO[39m (4297): [36mrequest completed[39m
    [35mreq[39m: {
      "id": 169,
      "method": "GET",
      "url": "/api/notifications"
    }
    [35mres[39m: {
      "statusCode": 304
    }
    [35mresponseTime[39m: 2
[19:31:23.956] [32mINFO[39m (4297): [36mrequest completed[39m
    [35mreq[39m: {
      "id": 170,
      "method": "GET",
      "url": "/api/admin/dashboard"
    }
    [35mres[39m: {
      "statusCode": 304
    }
    [35mresponseTime[39m: 5
[19:31:25.602] [32mINFO[39m (4297): [36mrequest completed[39m
    [35mreq[39m: {
      "id": 171,
      "method": "GET",
      "url": "/api/notifications/unread-count"
    }
    [35mres[39m: {
      "statusCode": 304
    }
    [35mresponseTime[39m: 2
[19:31:25.603] [32mINFO[39m (4297): [36mrequest completed[39m
    [35mreq[39m: {
      "id": 173,
      "method": "GET",
      "url": "/api/admin/users"
    }
    [35mres[39m: {
      "statusCode": 304
    }
    [35mresponseTime[39m: 2
[19:31:25.606] [32mINFO[39m (4297): [36mrequest completed[39m
    [35mreq[39m: {
      "id": 174,
      "method": "GET",
      "url": "/api/admin/departments"
    }
    [35mres[39m: {
      "statusCode": 304
    }
    [35mresponseTime[39m: 4
[19:31:25.607] [32mINFO[39m (4297): [36mrequest completed[39m
    [35mreq[39m: {
      "id": 172,
      "method": "GET",
      "url": "/api/notifications"
    }
    [35mres[39m: {
      "statusCode": 304
    }
    [35mresponseTime[39m: 6
[19:31:38.817] [32mINFO[39m (4297): [36mrequest completed[39m
    [35mreq[39m: {
      "id": 175,
      "method": "POST",
      "url": "/api/auth/register"
    }
    [35mres[39m: {
      "statusCode": 200
    }
    [35mresponseTime[39m: 6
[19:31:38.835] [32mINFO[39m (4297): [36mrequest completed[39m
    [35mreq[39m: {
      "id": 176,
      "method": "GET",
      "url": "/api/auth/me"
    }
    [35mres[39m: {
      "statusCode": 200
    }
    [35mresponseTime[39m: 8
[19:40:00.171] [32mINFO[39m (4297): [36mrequest completed[39m
    [35mreq[39m: {
      "id": 177,
      "method": "GET",
      "url": "/api/notifications/unread-count"
    }
    [35mres[39m: {
      "statusCode": 401
    }
    [35mresponseTime[39m: 1
[19:40:00.172] [32mINFO[39m (4297): [36mrequest completed[39m
    [35mreq[39m: {
      "id": 178,
      "method": "GET",
      "url": "/api/notifications"
    }
    [35mres[39m: {
      "statusCode": 401
    }
    [35mresponseTime[39m: 1
[19:40:00.172] [32mINFO[39m (4297): [36mrequest completed[39m
    [35mreq[39m: {
      "id": 179,
      "method": "GET",
      "url": "/api/admin/dashboard"
    }
    [35mres[39m: {
      "statusCode": 401
    }
    [35mresponseTime[39m: 0
