2026-04-04 16:19:54.245 IST [599933] LOG:  starting PostgreSQL 18.3 on x86_64-pc-linux-gnu, compiled by gcc (GCC) 15.2.1 20260209, 64-bit
2026-04-04 16:19:54.246 IST [599933] LOG:  listening on IPv6 address "::1", port 5433
2026-04-04 16:19:54.246 IST [599933] LOG:  listening on IPv4 address "127.0.0.1", port 5433
2026-04-04 16:19:54.251 IST [599933] FATAL:  could not create lock file "/run/postgresql/.s.PGSQL.5433.lock": No such file or directory
2026-04-04 16:19:54.252 IST [599933] LOG:  database system is shut down
2026-04-04 16:20:03.724 IST [599950] LOG:  starting PostgreSQL 18.3 on x86_64-pc-linux-gnu, compiled by gcc (GCC) 15.2.1 20260209, 64-bit
2026-04-04 16:20:03.725 IST [599950] LOG:  listening on IPv6 address "::1", port 5433
2026-04-04 16:20:03.725 IST [599950] LOG:  listening on IPv4 address "127.0.0.1", port 5433
2026-04-04 16:20:03.735 IST [599950] LOG:  listening on Unix socket "/home/sharad/IMP/Campus-Resource-Managerzip/db/.s.PGSQL.5433"
2026-04-04 16:20:03.747 IST [599956] LOG:  database system was shut down at 2026-04-04 16:19:48 IST
2026-04-04 16:20:03.755 IST [599950] LOG:  database system is ready to accept connections
2026-04-04 16:22:54.296 IST [600646] ERROR:  cannot use subquery in index predicate at character 204
2026-04-04 16:22:54.296 IST [600646] STATEMENT:  
	        ALTER TABLE booking ADD CONSTRAINT no_overlap
	        EXCLUDE USING gist (
	          resource_id WITH =,
	          tsrange(date + start_time, date + end_time) WITH &&
	        ) WHERE (status_id IN (
	          SELECT status_id FROM booking_status
	          WHERE status_name IN ('Pending','Approved')
	        ))
	      
2026-04-04 16:25:03.769 IST [599954] LOG:  checkpoint starting: time
2026-04-04 16:25:24.532 IST [601227] ERROR:  CONFLICT: resource already booked for that slot
2026-04-04 16:25:24.532 IST [601227] CONTEXT:  PL/pgSQL function create_booking(integer,integer,date,time without time zone,time without time zone,text) line 57 at RAISE
2026-04-04 16:25:24.532 IST [601227] STATEMENT:  SELECT create_booking($1, $2, $3, $4, $5, $6) as booking_id
2026-04-04 16:26:57.601 IST [599954] LOG:  checkpoint complete: wrote 1134 buffers (6.9%), wrote 3 SLRU buffers; 1 WAL file(s) added, 0 removed, 0 recycled; write=113.516 s, sync=0.255 s, total=113.833 s; sync files=391, longest=0.007 s, average=0.001 s; distance=6074 kB, estimate=6074 kB; lsn=0/1D90FE8, redo lsn=0/1D52968
2026-04-04 16:28:24.724 IST [601927] ERROR:  CONFLICT: resource already booked for that slot
2026-04-04 16:28:24.724 IST [601927] CONTEXT:  PL/pgSQL function create_booking(integer,integer,date,time without time zone,time without time zone,text) line 57 at RAISE
2026-04-04 16:28:24.724 IST [601927] STATEMENT:  SELECT create_booking($1, $2, $3, $4, $5, $6) as booking_id
2026-04-04 16:30:03.702 IST [599954] LOG:  checkpoint starting: time
2026-04-04 16:30:12.952 IST [599954] LOG:  checkpoint complete: wrote 91 buffers (0.6%), wrote 1 SLRU buffers; 0 WAL file(s) added, 0 removed, 0 recycled; write=9.131 s, sync=0.097 s, total=9.251 s; sync files=66, longest=0.058 s, average=0.002 s; distance=496 kB, estimate=5516 kB; lsn=0/1DCEAA8, redo lsn=0/1DCEA18
2026-04-04 16:31:01.101 IST [602599] ERROR:  constraint "fk_hod" for relation "department" already exists
2026-04-04 16:31:01.101 IST [602599] STATEMENT:  
	        ALTER TABLE department
	          ADD CONSTRAINT fk_hod
	          FOREIGN KEY (hod_id) REFERENCES users(user_id) ON DELETE SET NULL
	      
2026-04-04 16:31:24.092 IST [602718] ERROR:  syntax error at or near "602717" at character 4
2026-04-04 16:31:24.092 IST [602718] STATEMENT:  DO 602717 DECLARE v_pending INT; v_approved INT; BEGIN SELECT status_id INTO v_pending FROM booking_status WHERE status_name='Pending'; SELECT status_id INTO v_approved FROM booking_status WHERE status_name='Approved'; BEGIN INSERT INTO booking (user_id,resource_id,status_id,priority_level,date,start_time,end_time,purpose) VALUES (5,1,v_pending,4,CURRENT_DATE+40,'09:00','10:00','constraint-test-1'); INSERT INTO booking (user_id,resource_id,status_id,priority_level,date,start_time,end_time,purpose) VALUES (4,1,v_approved,3,CURRENT_DATE+40,'09:30','10:30','constraint-test-2'); EXCEPTION WHEN others THEN RAISE NOTICE 'second_insert_failed:%', SQLERRM; END; END 602717;
2026-04-04 16:32:12.398 IST [602905] ERROR:  CONFLICT: resource already booked for that slot
2026-04-04 16:32:12.398 IST [602905] CONTEXT:  PL/pgSQL function create_booking(integer,integer,date,time without time zone,time without time zone,text) line 57 at RAISE
2026-04-04 16:32:12.398 IST [602905] STATEMENT:  SELECT create_booking($1, $2, $3, $4, $5, $6) as booking_id
2026-04-04 16:35:03.970 IST [599954] LOG:  checkpoint starting: time
2026-04-04 16:35:14.694 IST [599954] LOG:  checkpoint complete: wrote 105 buffers (0.6%), wrote 2 SLRU buffers; 0 WAL file(s) added, 0 removed, 0 recycled; write=10.571 s, sync=0.090 s, total=10.725 s; sync files=84, longest=0.029 s, average=0.002 s; distance=361 kB, estimate=5000 kB; lsn=0/1E290B0, redo lsn=0/1E29020
2026-04-04 16:50:03.994 IST [599954] LOG:  checkpoint starting: time
2026-04-04 16:50:05.991 IST [599954] LOG:  checkpoint complete: wrote 19 buffers (0.1%), wrote 1 SLRU buffers; 0 WAL file(s) added, 0 removed, 0 recycled; write=1.912 s, sync=0.021 s, total=1.997 s; sync files=20, longest=0.008 s, average=0.002 s; distance=27 kB, estimate=4503 kB; lsn=0/1E2FCD8, redo lsn=0/1E2FC48
2026-04-04 16:55:04.047 IST [599954] LOG:  checkpoint starting: time
2026-04-04 16:55:06.207 IST [599954] LOG:  checkpoint complete: wrote 21 buffers (0.1%), wrote 1 SLRU buffers; 0 WAL file(s) added, 0 removed, 0 recycled; write=2.108 s, sync=0.028 s, total=2.160 s; sync files=21, longest=0.010 s, average=0.002 s; distance=41 kB, estimate=4057 kB; lsn=0/1E3A408, redo lsn=0/1E3A3B0
2026-04-04 17:00:04.246 IST [599954] LOG:  checkpoint starting: time
2026-04-04 17:00:06.346 IST [599954] LOG:  checkpoint complete: wrote 20 buffers (0.1%), wrote 1 SLRU buffers; 0 WAL file(s) added, 0 removed, 0 recycled; write=2.014 s, sync=0.039 s, total=2.101 s; sync files=21, longest=0.025 s, average=0.002 s; distance=38 kB, estimate=3655 kB; lsn=0/1E43FB0, redo lsn=0/1E43F58
2026-04-04 17:05:04.446 IST [599954] LOG:  checkpoint starting: time
2026-04-04 17:05:06.509 IST [599954] LOG:  checkpoint complete: wrote 20 buffers (0.1%), wrote 1 SLRU buffers; 0 WAL file(s) added, 0 removed, 0 recycled; write=2.014 s, sync=0.021 s, total=2.063 s; sync files=21, longest=0.008 s, average=0.001 s; distance=31 kB, estimate=3293 kB; lsn=0/1E4BE68, redo lsn=0/1E4BE10
2026-04-04 17:25:04.885 IST [599954] LOG:  checkpoint starting: time
2026-04-04 17:25:07.104 IST [599954] LOG:  checkpoint complete: wrote 21 buffers (0.1%), wrote 1 SLRU buffers; 0 WAL file(s) added, 0 removed, 0 recycled; write=2.111 s, sync=0.087 s, total=2.219 s; sync files=20, longest=0.069 s, average=0.005 s; distance=49 kB, estimate=2968 kB; lsn=0/1E58568, redo lsn=0/1E58510
2026-04-04 17:30:04.204 IST [599954] LOG:  checkpoint starting: time
2026-04-04 17:30:04.391 IST [599954] LOG:  checkpoint complete: wrote 1 buffers (0.0%), wrote 0 SLRU buffers; 0 WAL file(s) added, 0 removed, 0 recycled; write=0.101 s, sync=0.010 s, total=0.188 s; sync files=1, longest=0.010 s, average=0.010 s; distance=4 kB, estimate=2672 kB; lsn=0/1E59658, redo lsn=0/1E59600
2026-04-04 17:40:04.500 IST [599954] LOG:  checkpoint starting: time
2026-04-04 17:40:04.803 IST [599954] LOG:  checkpoint complete: wrote 1 buffers (0.0%), wrote 0 SLRU buffers; 0 WAL file(s) added, 0 removed, 0 recycled; write=0.101 s, sync=0.064 s, total=0.304 s; sync files=1, longest=0.064 s, average=0.064 s; distance=7 kB, estimate=2405 kB; lsn=0/1E5B3B8, redo lsn=0/1E5B360
2026-04-04 17:46:44.709 IST [617671] ERROR:  constraint "fk_hod" for relation "department" already exists
2026-04-04 17:46:44.709 IST [617671] STATEMENT:  
	        ALTER TABLE department
	          ADD CONSTRAINT fk_hod
	          FOREIGN KEY (hod_id) REFERENCES users(user_id) ON DELETE SET NULL
	      
2026-04-04 17:46:44.735 IST [617671] ERROR:  relation "no_overlap" already exists
2026-04-04 17:46:44.735 IST [617671] STATEMENT:  
	        ALTER TABLE booking ADD CONSTRAINT no_overlap
	        EXCLUDE USING gist (
	          resource_id WITH =,
	          tsrange(date + start_time, date + end_time) WITH &&
	        ) WHERE (is_slot_blocking)
	      
2026-04-04 17:50:04.902 IST [599954] LOG:  checkpoint starting: time
2026-04-04 17:50:08.270 IST [599954] LOG:  checkpoint complete: wrote 33 buffers (0.2%), wrote 1 SLRU buffers; 0 WAL file(s) added, 0 removed, 0 recycled; write=3.315 s, sync=0.024 s, total=3.369 s; sync files=27, longest=0.006 s, average=0.001 s; distance=135 kB, estimate=2178 kB; lsn=0/1E7D258, redo lsn=0/1E7D200
2026-04-04 18:10:04.529 IST [599954] LOG:  checkpoint starting: time
2026-04-04 18:10:05.384 IST [599954] LOG:  checkpoint complete: wrote 8 buffers (0.0%), wrote 1 SLRU buffers; 0 WAL file(s) added, 0 removed, 0 recycled; write=0.808 s, sync=0.019 s, total=0.855 s; sync files=9, longest=0.013 s, average=0.003 s; distance=11 kB, estimate=1962 kB; lsn=0/1E80100, redo lsn=0/1E800A8
2026-04-04 18:20:04.513 IST [599954] LOG:  checkpoint starting: time
2026-04-04 18:20:06.104 IST [599954] LOG:  checkpoint complete: wrote 14 buffers (0.1%), wrote 1 SLRU buffers; 0 WAL file(s) added, 0 removed, 0 recycled; write=1.409 s, sync=0.019 s, total=1.591 s; sync files=13, longest=0.011 s, average=0.002 s; distance=43 kB, estimate=1770 kB; lsn=0/1E8AD78, redo lsn=0/1E8AD20
2026-04-04 18:25:04.140 IST [599954] LOG:  checkpoint starting: time
2026-04-04 18:25:06.445 IST [599954] LOG:  checkpoint complete: wrote 21 buffers (0.1%), wrote 1 SLRU buffers; 0 WAL file(s) added, 0 removed, 0 recycled; write=2.114 s, sync=0.020 s, total=2.306 s; sync files=20, longest=0.007 s, average=0.001 s; distance=35 kB, estimate=1596 kB; lsn=0/1E93BD0, redo lsn=0/1E93B78
2026-04-04 18:26:43.958 IST [627098] ERROR:  CONFLICT: resource already booked for that slot
2026-04-04 18:26:43.958 IST [627098] CONTEXT:  PL/pgSQL function create_booking(integer,integer,date,time without time zone,time without time zone,text) line 57 at RAISE
2026-04-04 18:26:43.958 IST [627098] STATEMENT:  SELECT create_booking($1, $2, $3, $4, $5, $6) as booking_id
2026-04-04 18:26:58.600 IST [627139] ERROR:  CONFLICT: resource already booked for that slot
2026-04-04 18:26:58.600 IST [627139] CONTEXT:  PL/pgSQL function create_booking(integer,integer,date,time without time zone,time without time zone,text) line 57 at RAISE
2026-04-04 18:26:58.600 IST [627139] STATEMENT:  SELECT create_booking($1, $2, $3, $4, $5, $6) as booking_id
2026-04-04 18:28:32.856 IST [627441] ERROR:  CONFLICT: resource already booked for that slot
2026-04-04 18:28:32.856 IST [627441] CONTEXT:  PL/pgSQL function create_booking(integer,integer,date,time without time zone,time without time zone,text) line 57 at RAISE
2026-04-04 18:28:32.856 IST [627441] STATEMENT:  SELECT create_booking($1, $2, $3, $4, $5, $6) as booking_id
2026-04-04 18:30:04.509 IST [599954] LOG:  checkpoint starting: time
2026-04-04 18:30:06.863 IST [599954] LOG:  checkpoint complete: wrote 23 buffers (0.1%), wrote 1 SLRU buffers; 0 WAL file(s) added, 0 removed, 0 recycled; write=2.309 s, sync=0.022 s, total=2.355 s; sync files=23, longest=0.008 s, average=0.001 s; distance=45 kB, estimate=1441 kB; lsn=0/1E9F138, redo lsn=0/1E9F0E0
2026-04-04 18:35:04.964 IST [599954] LOG:  checkpoint starting: time
2026-04-04 18:35:05.143 IST [599954] LOG:  checkpoint complete: wrote 1 buffers (0.0%), wrote 1 SLRU buffers; 0 WAL file(s) added, 0 removed, 0 recycled; write=0.105 s, sync=0.057 s, total=0.179 s; sync files=2, longest=0.030 s, average=0.029 s; distance=6 kB, estimate=1298 kB; lsn=0/1EA0BD8, redo lsn=0/1EA0B80
2026-04-04 18:35:10.183 IST [628815] ERROR:  constraint "fk_hod" for relation "department" already exists
2026-04-04 18:35:10.183 IST [628815] STATEMENT:  
	        ALTER TABLE department
	          ADD CONSTRAINT fk_hod
	          FOREIGN KEY (hod_id) REFERENCES users(user_id) ON DELETE SET NULL
	      
2026-04-04 18:35:10.200 IST [628815] ERROR:  relation "no_overlap" already exists
2026-04-04 18:35:10.200 IST [628815] STATEMENT:  
	        ALTER TABLE booking ADD CONSTRAINT no_overlap
	        EXCLUDE USING gist (
	          resource_id WITH =,
	          tsrange(date + start_time, date + end_time) WITH &&
	        ) WHERE (is_slot_blocking)
	      
2026-04-04 18:40:21.476 IST [4191] LOG:  starting PostgreSQL 18.3 on x86_64-pc-linux-gnu, compiled by gcc (GCC) 15.2.1 20260209, 64-bit
2026-04-04 18:40:21.476 IST [4191] LOG:  listening on IPv6 address "::1", port 5433
2026-04-04 18:40:21.476 IST [4191] LOG:  listening on IPv4 address "127.0.0.1", port 5433
2026-04-04 18:40:21.485 IST [4191] LOG:  listening on Unix socket "/home/sharad/IMP/Campus-Resource-Managerzip/db/.s.PGSQL.5433"
2026-04-04 18:40:21.496 IST [4197] LOG:  database system was interrupted; last known up at 2026-04-04 18:35:05 IST
2026-04-04 18:40:22.325 IST [4197] LOG:  database system was not properly shut down; automatic recovery in progress
2026-04-04 18:40:22.331 IST [4197] LOG:  redo starts at 0/1EA0B80
2026-04-04 18:40:22.334 IST [4197] LOG:  invalid record length at 0/1EBC788: expected at least 24, got 0
2026-04-04 18:40:22.334 IST [4197] LOG:  redo done at 0/1EBC750 system usage: CPU: user: 0.00 s, system: 0.00 s, elapsed: 0.00 s
2026-04-04 18:40:22.344 IST [4195] LOG:  checkpoint starting: end-of-recovery immediate wait
2026-04-04 18:40:22.391 IST [4195] LOG:  checkpoint complete: wrote 28 buffers (0.2%), wrote 3 SLRU buffers; 0 WAL file(s) added, 0 removed, 0 recycled; write=0.009 s, sync=0.021 s, total=0.052 s; sync files=27, longest=0.005 s, average=0.001 s; distance=111 kB, estimate=111 kB; lsn=0/1EBC788, redo lsn=0/1EBC788
2026-04-04 18:40:22.397 IST [4191] LOG:  database system is ready to accept connections
2026-04-04 18:40:31.463 IST [4305] ERROR:  constraint "fk_hod" for relation "department" already exists
2026-04-04 18:40:31.463 IST [4305] STATEMENT:  
	        ALTER TABLE department
	          ADD CONSTRAINT fk_hod
	          FOREIGN KEY (hod_id) REFERENCES users(user_id) ON DELETE SET NULL
	      
2026-04-04 18:40:31.493 IST [4305] ERROR:  relation "no_overlap" already exists
2026-04-04 18:40:31.493 IST [4305] STATEMENT:  
	        ALTER TABLE booking ADD CONSTRAINT no_overlap
	        EXCLUDE USING gist (
	          resource_id WITH =,
	          tsrange(date + start_time, date + end_time) WITH &&
	        ) WHERE (is_slot_blocking)
	      
2026-04-04 18:41:47.535 IST [4728] ERROR:  syntax error at or near "." at character 141
2026-04-04 18:41:47.535 IST [4728] STATEMENT:  UPDATE users SET password_hash = $$\$2y\$10\$R0/33NzgymTyZKf0OWpyg.gJSRa27YlG4TfJCSOqDAiC.ycRSTgpq$$ WHERE email IN (hod.ece@nitc.ac.in,user.ece@nitc.ac.in);
2026-04-04 18:45:22.399 IST [4195] LOG:  checkpoint starting: time
2026-04-04 18:45:26.965 IST [4195] LOG:  checkpoint complete: wrote 44 buffers (0.3%), wrote 1 SLRU buffers; 0 WAL file(s) added, 0 removed, 0 recycled; write=4.468 s, sync=0.036 s, total=4.566 s; sync files=39, longest=0.008 s, average=0.001 s; distance=145 kB, estimate=145 kB; lsn=0/1EE0D98, redo lsn=0/1EE0D08
2026-04-04 19:16:06.216 IST [16795] FATAL:  lock file "postmaster.pid" already exists
2026-04-04 19:16:06.216 IST [16795] HINT:  Is another postmaster (PID 4191) running in data directory "/home/sharad/IMP/Campus-Resource-Managerzip/db/postgres-data"?
2026-04-04 19:19:09.560 IST [17965] ERROR:  syntax error at or near "ld" at character 1
2026-04-04 19:19:09.560 IST [17965] STATEMENT:  ld
	ls
	SELECT * FROM users ORDER BY user_id DESC LIMIT 20;
2026-04-04 19:20:23.353 IST [4195] LOG:  checkpoint starting: time
2026-04-04 19:20:23.596 IST [4195] LOG:  checkpoint complete: wrote 2 buffers (0.0%), wrote 0 SLRU buffers; 0 WAL file(s) added, 0 removed, 0 recycled; write=0.201 s, sync=0.020 s, total=0.243 s; sync files=2, longest=0.019 s, average=0.010 s; distance=12 kB, estimate=132 kB; lsn=0/1EE3DB0, redo lsn=0/1EE3D20
2026-04-04 19:25:23.696 IST [4195] LOG:  checkpoint starting: time
2026-04-04 19:25:26.036 IST [4195] LOG:  checkpoint complete: wrote 22 buffers (0.1%), wrote 1 SLRU buffers; 0 WAL file(s) added, 0 removed, 0 recycled; write=2.255 s, sync=0.059 s, total=2.341 s; sync files=22, longest=0.043 s, average=0.003 s; distance=46 kB, estimate=123 kB; lsn=0/1EEF908, redo lsn=0/1EEF8B0
2026-04-04 19:30:23.124 IST [4195] LOG:  checkpoint starting: time
2026-04-04 19:30:25.485 IST [4195] LOG:  checkpoint complete: wrote 23 buffers (0.1%), wrote 1 SLRU buffers; 0 WAL file(s) added, 0 removed, 0 recycled; write=2.309 s, sync=0.022 s, total=2.361 s; sync files=19, longest=0.006 s, average=0.002 s; distance=68 kB, estimate=118 kB; lsn=0/1F00AC0, redo lsn=0/1F00A68
2026-04-04 19:35:23.564 IST [4195] LOG:  checkpoint starting: time
2026-04-04 19:35:24.352 IST [4195] LOG:  checkpoint complete: wrote 7 buffers (0.0%), wrote 1 SLRU buffers; 0 WAL file(s) added, 0 removed, 0 recycled; write=0.710 s, sync=0.020 s, total=0.789 s; sync files=8, longest=0.012 s, average=0.003 s; distance=20 kB, estimate=108 kB; lsn=0/1F05C30, redo lsn=0/1F05BD8
